Performing C SOURCE FILE Test CMAKE_HAVE_LIBC_PTHREAD failed with the following output:
Change Dir: /home/xzh/Singal_DRL_navigatoion_xuance/catkin_ws/build/velodyne_gazebo_plugins/CMakeFiles/CMakeTmp

Run Build Command(s):/usr/bin/make cmTC_84de3/fast && /usr/bin/make -f CMakeFiles/cmTC_84de3.dir/build.make CMakeFiles/cmTC_84de3.dir/build
make[1]: 进入目录“/home/xzh/Singal_DRL_navigatoion_xuance/catkin_ws/build/velodyne_gazebo_plugins/CMakeFiles/CMakeTmp”
Building C object CMakeFiles/cmTC_84de3.dir/src.c.o
/usr/bin/cc   -DCMAKE_HAVE_LIBC_PTHREAD   -o CMakeFiles/cmTC_84de3.dir/src.c.o   -c /home/xzh/Singal_DRL_navigatoion_xuance/catkin_ws/build/velodyne_gazebo_plugins/CMakeFiles/CMakeTmp/src.c
Linking C executable cmTC_84de3
/usr/bin/cmake -E cmake_link_script CMakeFiles/cmTC_84de3.dir/link.txt --verbose=1
/usr/bin/cc  -DCMAKE_HAVE_LIBC_PTHREAD    -rdynamic CMakeFiles/cmTC_84de3.dir/src.c.o  -o cmTC_84de3 
/usr/bin/ld: CMakeFiles/cmTC_84de3.dir/src.c.o: in function `main':
src.c:(.text+0x46): undefined reference to `pthread_create'
/usr/bin/ld: src.c:(.text+0x52): undefined reference to `pthread_detach'
/usr/bin/ld: src.c:(.text+0x63): undefined reference to `pthread_join'
collect2: error: ld returned 1 exit status
make[1]: *** [CMakeFiles/cmTC_84de3.dir/build.make:87：cmTC_84de3] 错误 1
make[1]: 离开目录“/home/xzh/Singal_DRL_navigatoion_xuance/catkin_ws/build/velodyne_gazebo_plugins/CMakeFiles/CMakeTmp”
make: *** [Makefile:121：cmTC_84de3/fast] 错误 2


Source file was:
#include <pthread.h>

void* test_func(void* data)
{
  return data;
}

int main(void)
{
  pthread_t thread;
  pthread_create(&thread, NULL, test_func, NULL);
  pthread_detach(thread);
  pthread_join(thread, NULL);
  pthread_atfork(NULL, NULL, NULL);
  pthread_exit(NULL);

  return 0;
}

Determining if the function pthread_create exists in the pthreads failed with the following output:
Change Dir: /home/xzh/Singal_DRL_navigatoion_xuance/catkin_ws/build/velodyne_gazebo_plugins/CMakeFiles/CMakeTmp

Run Build Command(s):/usr/bin/make cmTC_fabb9/fast && /usr/bin/make -f CMakeFiles/cmTC_fabb9.dir/build.make CMakeFiles/cmTC_fabb9.dir/build
make[1]: 进入目录“/home/xzh/Singal_DRL_navigatoion_xuance/catkin_ws/build/velodyne_gazebo_plugins/CMakeFiles/CMakeTmp”
Building C object CMakeFiles/cmTC_fabb9.dir/CheckFunctionExists.c.o
/usr/bin/cc   -DCHECK_FUNCTION_EXISTS=pthread_create   -o CMakeFiles/cmTC_fabb9.dir/CheckFunctionExists.c.o   -c /usr/share/cmake-3.16/Modules/CheckFunctionExists.c
Linking C executable cmTC_fabb9
/usr/bin/cmake -E cmake_link_script CMakeFiles/cmTC_fabb9.dir/link.txt --verbose=1
/usr/bin/cc  -DCHECK_FUNCTION_EXISTS=pthread_create    -rdynamic CMakeFiles/cmTC_fabb9.dir/CheckFunctionExists.c.o  -o cmTC_fabb9  -lpthreads 
/usr/bin/ld: 找不到 -lpthreads
collect2: error: ld returned 1 exit status
make[1]: *** [CMakeFiles/cmTC_fabb9.dir/build.make:87：cmTC_fabb9] 错误 1
make[1]: 离开目录“/home/xzh/Singal_DRL_navigatoion_xuance/catkin_ws/build/velodyne_gazebo_plugins/CMakeFiles/CMakeTmp”
make: *** [Makefile:121：cmTC_fabb9/fast] 错误 2



